C:\Program Files (x86)\MSBuild\Microsoft.Cpp\v4.0\V140\Microsoft.CppBuild.targets(392,5): warning MSB8028: The intermediate directory (Debug\) contains files shared from another project (WISEPlatform.vcxproj).  This can lead to incorrect clean and rebuild behavior.
  util_string.c
  util_process.c
  util_power.c
  util_pipe.c
  util_path.c
  util_os.c
  util_libloader.c
  service.c
  network.c
d:\workspace\github\ei-agent_modify\platform\windows\network.c(182): warning C4996: 'gethostbyname': Use getaddrinfo() or GetAddrInfoW() instead or define _WINSOCK_DEPRECATED_NO_WARNINGS to disable deprecated API warnings
  c:\program files (x86)\windows kits\8.1\include\um\winsock2.h(2238): note: 請參閱 'gethostbyname' 的宣告
d:\workspace\github\ei-agent_modify\platform\windows\network.c(192): warning C4996: 'inet_ntoa': Use inet_ntop() or InetNtop() instead or define _WINSOCK_DEPRECATED_NO_WARNINGS to disable deprecated API warnings
  c:\program files (x86)\windows kits\8.1\include\um\winsock2.h(1868): note: 請參閱 'inet_ntoa' 的宣告
d:\workspace\github\ei-agent_modify\platform\windows\network.c(403): warning C4996: 'inet_ntoa': Use inet_ntop() or InetNtop() instead or define _WINSOCK_DEPRECATED_NO_WARNINGS to disable deprecated API warnings
  c:\program files (x86)\windows kits\8.1\include\um\winsock2.h(1868): note: 請參閱 'inet_ntoa' 的宣告
  NamedPipeServer.c
  NamedPipeClient.c
  basequeue.c
  正在產生程式碼...
basequeue.obj : warning LNK4075: 忽略 '/EDITANDCONTINUE'，由於 '/SAFESEH' 規格
     正在建立程式庫 D:\Workspace\GitHub\EI-Agent_Modify\Debug\WISEUtil.lib 和物件 D:\Workspace\GitHub\EI-Agent_Modify\Debug\WISEUtil.exp
  WISEUtil.vcxproj -> D:\Workspace\GitHub\EI-Agent_Modify\Debug\WISEUtil.dll
  WISEUtil.vcxproj -> D:\Workspace\GitHub\EI-Agent_Modify\Debug\WISEUtil.pdb (Full PDB)
