d:\workspace\github\ei-agent_modify\library\wisecore\debug\vc140.pdb
d:\workspace\github\ei-agent_modify\library\wisecore\debug\vc140.idb
d:\workspace\github\ei-agent_modify\library\wisecore\debug\liteparse.obj
d:\workspace\github\ei-agent_modify\library\wisecore\debug\wisecore.obj
d:\workspace\github\ei-agent_modify\library\wisecore\debug\wisecoreex.obj
d:\workspace\github\ei-agent_modify\debug\wisecore.ilk
d:\workspace\github\ei-agent_modify\debug\wisecore.dll
d:\workspace\github\ei-agent_modify\debug\wisecore.pdb
d:\workspace\github\ei-agent_modify\library\wisecore\debug\wisecore.res
d:\workspace\github\ei-agent_modify\debug\wisecore.lib
d:\workspace\github\ei-agent_modify\debug\wisecore.exp
d:\workspace\github\ei-agent_modify\library\wisecore\debug\wisecore.tlog\cl.command.1.tlog
d:\workspace\github\ei-agent_modify\library\wisecore\debug\wisecore.tlog\cl.read.1.tlog
d:\workspace\github\ei-agent_modify\library\wisecore\debug\wisecore.tlog\cl.write.1.tlog
d:\workspace\github\ei-agent_modify\library\wisecore\debug\wisecore.tlog\link.command.1.tlog
d:\workspace\github\ei-agent_modify\library\wisecore\debug\wisecore.tlog\link.read.1.tlog
d:\workspace\github\ei-agent_modify\library\wisecore\debug\wisecore.tlog\link.write.1.tlog
d:\workspace\github\ei-agent_modify\library\wisecore\debug\wisecore.tlog\rc.command.1.tlog
d:\workspace\github\ei-agent_modify\library\wisecore\debug\wisecore.tlog\rc.read.1.tlog
d:\workspace\github\ei-agent_modify\library\wisecore\debug\wisecore.tlog\rc.write.1.tlog
d:\workspace\github\ei-agent_modify\library\wisecore\debug\wisecore.tlog\wisecore.write.1u.tlog
