d:\workspace\github\ei-agent_modify\platform\debug\vc140.pdb
d:\workspace\github\ei-agent_modify\platform\debug\vc140.idb
d:\workspace\github\ei-agent_modify\platform\debug\basequeue.obj
d:\workspace\github\ei-agent_modify\platform\debug\namedpipeclient.obj
d:\workspace\github\ei-agent_modify\platform\debug\namedpipeserver.obj
d:\workspace\github\ei-agent_modify\platform\debug\network.obj
d:\workspace\github\ei-agent_modify\platform\debug\service.obj
d:\workspace\github\ei-agent_modify\platform\debug\util_libloader.obj
d:\workspace\github\ei-agent_modify\platform\debug\util_os.obj
d:\workspace\github\ei-agent_modify\platform\debug\util_path.obj
d:\workspace\github\ei-agent_modify\platform\debug\util_pipe.obj
d:\workspace\github\ei-agent_modify\platform\debug\util_power.obj
d:\workspace\github\ei-agent_modify\platform\debug\util_process.obj
d:\workspace\github\ei-agent_modify\platform\debug\util_string.obj
d:\workspace\github\ei-agent_modify\debug\wiseutil.ilk
d:\workspace\github\ei-agent_modify\debug\wiseutil.dll
d:\workspace\github\ei-agent_modify\debug\wiseutil.pdb
d:\workspace\github\ei-agent_modify\platform\debug\wiseutil.res
d:\workspace\github\ei-agent_modify\debug\wiseutil.lib
d:\workspace\github\ei-agent_modify\debug\wiseutil.exp
d:\workspace\github\ei-agent_modify\platform\debug\dlfcn.obj
d:\workspace\github\ei-agent_modify\platform\debug\getopt.obj
d:\workspace\github\ei-agent_modify\platform\debug\pthread.obj
d:\workspace\github\ei-agent_modify\platform\debug\shm.obj
d:\workspace\github\ei-agent_modify\platform\debug\time.obj
d:\workspace\github\ei-agent_modify\platform\debug\wiseplatform.res
d:\workspace\github\ei-agent_modify\platform\debug\wiseutil.tlog\cl.command.1.tlog
d:\workspace\github\ei-agent_modify\platform\debug\wiseutil.tlog\cl.read.1.tlog
d:\workspace\github\ei-agent_modify\platform\debug\wiseutil.tlog\cl.write.1.tlog
d:\workspace\github\ei-agent_modify\platform\debug\wiseutil.tlog\link.command.1.tlog
d:\workspace\github\ei-agent_modify\platform\debug\wiseutil.tlog\link.read.1.tlog
d:\workspace\github\ei-agent_modify\platform\debug\wiseutil.tlog\link.write.1.tlog
d:\workspace\github\ei-agent_modify\platform\debug\wiseutil.tlog\rc.command.1.tlog
d:\workspace\github\ei-agent_modify\platform\debug\wiseutil.tlog\rc.read.1.tlog
d:\workspace\github\ei-agent_modify\platform\debug\wiseutil.tlog\rc.write.1.tlog
d:\workspace\github\ei-agent_modify\platform\debug\wiseutil.tlog\wiseutil.write.1u.tlog
