d:\workspace\github\ei-agent_modify\library3rdparty\mosquitto-1.4.10\build\lib\debug\vc140.pdb
d:\workspace\github\ei-agent_modify\library3rdparty\mosquitto-1.4.10\build\lib\debug\will_mosq.obj
d:\workspace\github\ei-agent_modify\library3rdparty\mosquitto-1.4.10\build\lib\debug\util_mosq.obj
d:\workspace\github\ei-agent_modify\library3rdparty\mosquitto-1.4.10\build\lib\debug\tls_mosq.obj
d:\workspace\github\ei-agent_modify\library3rdparty\mosquitto-1.4.10\build\lib\debug\time_mosq.obj
d:\workspace\github\ei-agent_modify\library3rdparty\mosquitto-1.4.10\build\lib\debug\thread_mosq.obj
d:\workspace\github\ei-agent_modify\library3rdparty\mosquitto-1.4.10\build\lib\debug\srv_mosq.obj
d:\workspace\github\ei-agent_modify\library3rdparty\mosquitto-1.4.10\build\lib\debug\socks_mosq.obj
d:\workspace\github\ei-agent_modify\library3rdparty\mosquitto-1.4.10\build\lib\debug\send_mosq.obj
d:\workspace\github\ei-agent_modify\library3rdparty\mosquitto-1.4.10\build\lib\debug\send_client_mosq.obj
d:\workspace\github\ei-agent_modify\library3rdparty\mosquitto-1.4.10\build\lib\debug\read_handle_shared.obj
d:\workspace\github\ei-agent_modify\library3rdparty\mosquitto-1.4.10\build\lib\debug\read_handle_client.obj
d:\workspace\github\ei-agent_modify\library3rdparty\mosquitto-1.4.10\build\lib\debug\read_handle.obj
d:\workspace\github\ei-agent_modify\library3rdparty\mosquitto-1.4.10\build\lib\debug\net_mosq.obj
d:\workspace\github\ei-agent_modify\library3rdparty\mosquitto-1.4.10\build\lib\debug\mosquitto.obj
d:\workspace\github\ei-agent_modify\library3rdparty\mosquitto-1.4.10\build\lib\debug\messages_mosq.obj
d:\workspace\github\ei-agent_modify\library3rdparty\mosquitto-1.4.10\build\lib\debug\memory_mosq.obj
d:\workspace\github\ei-agent_modify\library3rdparty\mosquitto-1.4.10\build\lib\debug\logging_mosq.obj
d:\workspace\github\ei-agent_modify\library3rdparty\mosquitto-1.4.10\build\lib\debug\pthread.obj
d:\workspace\github\ei-agent_modify\debug\libmosquitto.lib
d:\workspace\github\ei-agent_modify\debug\libmosquitto.exp
d:\workspace\github\ei-agent_modify\debug\libmosquitto.ilk
d:\workspace\github\ei-agent_modify\debug\libmosquitto.dll
d:\workspace\github\ei-agent_modify\debug\libmosquitto.pdb
d:\workspace\github\ei-agent_modify\library3rdparty\mosquitto-1.4.10\build\lib\debug\libmosquitto.tlog\cl.command.1.tlog
d:\workspace\github\ei-agent_modify\library3rdparty\mosquitto-1.4.10\build\lib\debug\libmosquitto.tlog\cl.read.1.tlog
d:\workspace\github\ei-agent_modify\library3rdparty\mosquitto-1.4.10\build\lib\debug\libmosquitto.tlog\cl.write.1.tlog
d:\workspace\github\ei-agent_modify\library3rdparty\mosquitto-1.4.10\build\lib\debug\libmosquitto.tlog\libmosquitto.write.1u.tlog
d:\workspace\github\ei-agent_modify\library3rdparty\mosquitto-1.4.10\build\lib\debug\libmosquitto.tlog\link.command.1.tlog
d:\workspace\github\ei-agent_modify\library3rdparty\mosquitto-1.4.10\build\lib\debug\libmosquitto.tlog\link.read.1.tlog
d:\workspace\github\ei-agent_modify\library3rdparty\mosquitto-1.4.10\build\lib\debug\libmosquitto.tlog\link.write.1.tlog
